TN:
SF:src/Normalizer.ts
FN:20,deepClone
FN:26,(anonymous_2)
FN:40,isObject
FN:82,(anonymous_4)
FN:88,(anonymous_5)
FN:98,(anonymous_6)
FN:114,(anonymous_7)
FN:118,(anonymous_8)
FN:149,(anonymous_9)
FN:168,(anonymous_10)
FN:176,(anonymous_11)
FN:190,(anonymous_12)
FN:191,(anonymous_13)
FN:204,(anonymous_14)
FN:279,(anonymous_15)
FN:291,(anonymous_16)
FN:298,(anonymous_17)
FNF:17
FNH:16
FNDA:62,deepClone
FNDA:4,(anonymous_2)
FNDA:63,isObject
FNDA:7,(anonymous_4)
FNDA:18,(anonymous_5)
FNDA:90,(anonymous_6)
FNDA:7,(anonymous_7)
FNDA:35,(anonymous_8)
FNDA:24,(anonymous_9)
FNDA:67,(anonymous_10)
FNDA:4,(anonymous_11)
FNDA:6,(anonymous_12)
FNDA:6,(anonymous_13)
FNDA:9,(anonymous_14)
FNDA:25,(anonymous_15)
FNDA:0,(anonymous_16)
FNDA:4,(anonymous_17)
DA:12,3
DA:13,3
DA:14,3
DA:15,3
DA:16,3
DA:17,3
DA:21,62
DA:22,46
DA:25,16
DA:26,4
DA:29,14
DA:30,14
DA:31,36
DA:32,36
DA:36,14
DA:41,63
DA:45,3
DA:83,7
DA:84,7
DA:85,7
DA:89,18
DA:98,18
DA:99,90
DA:100,90
DA:102,1
DA:105,89
DA:111,18
DA:115,7
DA:118,7
DA:119,35
DA:120,35
DA:121,1
DA:124,34
DA:126,6
DA:127,6
DA:129,7
DA:130,7
DA:132,7
DA:133,7
DA:135,7
DA:136,7
DA:138,7
DA:139,7
DA:143,7
DA:151,24
DA:153,24
DA:155,24
DA:158,24
DA:160,1
DA:161,1
DA:163,0
DA:164,0
DA:169,67
DA:170,67
DA:171,2
DA:175,65
DA:176,4
DA:180,63
DA:182,18
DA:183,18
DA:185,18
DA:186,14
DA:188,4
DA:190,6
DA:191,6
DA:193,0
DA:195,0
DA:199,18
DA:200,41
DA:202,41
DA:203,41
DA:204,41
DA:205,2
DA:207,39
DA:211,17
DA:216,45
DA:217,6
DA:220,39
DA:222,39
DA:223,39
DA:224,3
DA:228,36
DA:229,35
DA:230,34
DA:231,11
DA:232,11
DA:237,24
DA:238,24
DA:239,24
DA:240,8
DA:241,8
DA:246,16
DA:247,16
DA:248,16
DA:249,3
DA:250,3
DA:255,13
DA:256,13
DA:257,13
DA:258,3
DA:259,3
DA:264,10
DA:265,0
DA:269,10
DA:271,2
DA:272,2
DA:274,0
DA:275,0
DA:280,25
DA:281,2
DA:292,0
DA:299,4
DA:304,3
DA:307,3
LF:114
LH:106
BRDA:21,0,0,46
BRDA:21,1,0,62
BRDA:21,1,1,61
BRDA:25,2,0,2
BRDA:31,3,0,36
BRDA:41,4,0,63
BRDA:41,4,1,63
BRDA:41,4,2,18
BRDA:82,5,0,3
BRDA:100,6,0,1
BRDA:107,7,0,39
BRDA:107,7,1,50
BRDA:120,8,0,1
BRDA:124,9,0,6
BRDA:124,9,1,7
BRDA:124,9,2,7
BRDA:124,9,3,7
BRDA:124,9,4,7
BRDA:151,10,0,11
BRDA:151,10,1,13
BRDA:155,11,0,22
BRDA:155,11,1,2
BRDA:160,12,0,1
BRDA:168,13,0,0
BRDA:168,14,0,0
BRDA:170,15,0,2
BRDA:170,16,0,67
BRDA:170,16,1,66
BRDA:175,17,0,2
BRDA:180,18,0,18
BRDA:183,19,0,18
BRDA:183,19,1,0
BRDA:183,20,0,18
BRDA:183,20,1,18
BRDA:183,20,2,18
BRDA:185,21,0,14
BRDA:185,21,1,4
BRDA:193,22,0,0
BRDA:200,23,0,41
BRDA:202,24,0,41
BRDA:202,24,1,0
BRDA:202,25,0,41
BRDA:202,25,1,41
BRDA:203,26,0,0
BRDA:203,26,1,41
BRDA:203,27,0,41
BRDA:203,27,1,41
BRDA:204,28,0,2
BRDA:204,29,0,41
BRDA:204,29,1,41
BRDA:204,30,0,9
BRDA:204,30,1,0
BRDA:204,31,0,0
BRDA:204,31,1,0
BRDA:216,32,0,6
BRDA:216,33,0,45
BRDA:216,33,1,10
BRDA:216,33,2,10
BRDA:216,33,3,0
BRDA:216,33,4,10
BRDA:220,34,0,39
BRDA:222,35,0,39
BRDA:222,35,1,5
BRDA:222,35,2,5
BRDA:223,36,0,3
BRDA:228,37,0,35
BRDA:230,38,0,11
BRDA:237,39,0,24
BRDA:239,40,0,8
BRDA:246,41,0,16
BRDA:248,42,0,3
BRDA:255,43,0,13
BRDA:257,44,0,3
BRDA:264,45,0,0
BRDA:271,46,0,2
BRDA:280,47,0,2
BRDA:280,48,0,25
BRDA:280,48,1,2
BRDA:291,49,0,0
BRF:79
BRH:67
end_of_record
TN:
SF:src/normalizers/BaseNormalizer.ts
FN:14,(anonymous_0)
FN:42,(anonymous_1)
FN:62,(anonymous_2)
FN:75,(anonymous_3)
FN:84,(anonymous_4)
FN:98,(anonymous_5)
FN:111,(anonymous_6)
FNF:7
FNH:7
FNDA:110,(anonymous_0)
FNDA:204,(anonymous_1)
FNDA:3,(anonymous_2)
FNDA:211,(anonymous_3)
FNDA:3,(anonymous_4)
FNDA:204,(anonymous_5)
FNDA:1,(anonymous_6)
DA:2,13
DA:8,13
DA:15,110
DA:16,110
DA:19,110
DA:25,110
DA:43,204
DA:44,2
DA:48,202
DA:49,202
DA:50,5
DA:53,197
DA:63,3
DA:64,2
DA:67,1
DA:68,1
DA:76,211
DA:85,3
DA:87,2
DA:88,2
DA:90,1
DA:102,204
DA:112,1
DA:113,1
DA:120,0
LF:25
LH:24
BRDA:14,0,0,1
BRDA:42,1,0,0
BRDA:43,2,0,2
BRDA:43,3,0,204
BRDA:43,3,1,203
BRDA:49,4,0,5
BRDA:49,5,0,202
BRDA:49,5,1,13
BRDA:49,5,2,13
BRDA:49,6,0,77
BRDA:49,6,1,125
BRDA:49,7,0,202
BRDA:49,7,1,202
BRDA:63,8,0,2
BRDA:75,9,0,5
BRDA:76,10,0,211
BRDA:76,10,1,201
BRDA:76,11,0,0
BRDA:76,11,1,211
BRDA:76,12,0,211
BRDA:76,12,1,211
BRDA:76,13,0,0
BRDA:76,13,1,201
BRDA:76,14,0,201
BRDA:76,14,1,201
BRDA:84,15,0,0
BRDA:85,16,0,1
BRDA:88,17,0,1
BRDA:88,18,0,0
BRDA:88,18,1,2
BRDA:88,19,0,2
BRDA:88,19,1,2
BRDA:100,20,0,0
BRDA:102,21,0,6
BRDA:102,21,1,198
BRDA:102,22,0,204
BRDA:102,22,1,204
BRDA:112,23,0,1
BRDA:112,23,1,0
BRDA:112,24,0,1
BRDA:112,24,1,1
BRDA:113,25,0,1
BRDA:113,25,1,0
BRDA:120,26,0,0
BRDA:120,26,1,0
BRF:45
BRH:35
end_of_record
TN:
SF:src/normalizers/BooleanNormalizer.ts
FN:25,(anonymous_1)
FN:52,(anonymous_2)
FN:79,(anonymous_3)
FN:88,(anonymous_4)
FN:107,(anonymous_5)
FN:149,(anonymous_6)
FN:151,(anonymous_7)
FN:155,(anonymous_8)
FNF:8
FNH:8
FNDA:21,(anonymous_1)
FNDA:36,(anonymous_2)
FNDA:55,(anonymous_3)
FNDA:25,(anonymous_4)
FNDA:48,(anonymous_5)
FNDA:115,(anonymous_6)
FNDA:112,(anonymous_7)
FNDA:70,(anonymous_8)
DA:2,6
DA:15,6
DA:16,6
DA:27,21
DA:28,21
DA:45,21
DA:48,21
DA:49,21
DA:53,36
DA:54,13
DA:57,23
DA:58,23
DA:61,23
DA:62,0
DA:66,23
DA:69,23
DA:73,23
DA:78,23
DA:79,55
DA:82,23
DA:83,12
DA:87,11
DA:88,25
DA:91,11
DA:92,9
DA:96,2
DA:97,2
DA:101,0
DA:103,2
DA:108,48
DA:109,1
DA:113,47
DA:116,47
DA:117,1
DA:118,0
DA:123,47
DA:124,6
DA:128,41
DA:129,1
DA:133,40
DA:134,2
DA:138,38
DA:139,0
DA:143,38
DA:144,38
DA:145,1
DA:149,115
DA:151,112
DA:156,70
LF:49
LH:45
BRDA:25,0,0,0
BRDA:27,1,0,21
BRDA:27,1,1,0
BRDA:27,2,0,3
BRDA:27,2,1,18
BRDA:34,3,0,21
BRDA:34,3,1,0
BRDA:35,4,0,21
BRDA:35,4,1,14
BRDA:36,5,0,21
BRDA:36,5,1,19
BRDA:39,6,0,21
BRDA:39,6,1,0
BRDA:40,7,0,21
BRDA:40,7,1,14
BRDA:41,8,0,21
BRDA:41,8,1,19
BRDA:53,9,0,13
BRDA:61,10,0,0
BRDA:61,11,0,23
BRDA:61,11,1,23
BRDA:69,12,0,23
BRDA:69,12,1,23
BRDA:69,12,2,23
BRDA:73,13,0,23
BRDA:73,13,1,23
BRDA:73,13,2,23
BRDA:78,14,0,23
BRDA:78,14,1,0
BRDA:79,15,0,0
BRDA:79,15,1,23
BRDA:79,16,0,23
BRDA:79,16,1,23
BRDA:80,17,0,0
BRDA:80,17,1,0
BRDA:82,18,0,12
BRDA:87,19,0,11
BRDA:87,19,1,0
BRDA:88,20,0,0
BRDA:88,20,1,11
BRDA:88,21,0,11
BRDA:88,21,1,11
BRDA:89,22,0,0
BRDA:89,22,1,0
BRDA:89,22,2,0
BRDA:91,23,0,9
BRDA:96,24,0,2
BRDA:107,25,0,29
BRDA:108,26,0,1
BRDA:116,27,0,1
BRDA:116,28,0,47
BRDA:116,28,1,17
BRDA:117,29,0,0
BRDA:117,30,0,1
BRDA:117,30,1,1
BRDA:123,31,0,6
BRDA:128,32,0,1
BRDA:128,33,0,41
BRDA:128,33,1,41
BRDA:128,33,2,41
BRDA:133,34,0,2
BRDA:138,35,0,0
BRDA:139,36,0,0
BRDA:139,36,1,0
BRDA:144,37,0,1
BRDA:149,38,0,37
BRDA:149,38,1,24
BRDA:149,38,2,24
BRDA:149,38,3,15
BRDA:149,39,0,0
BRDA:149,39,1,37
BRDA:149,40,0,37
BRDA:149,40,1,37
BRDA:151,41,0,0
BRDA:151,41,1,24
BRDA:151,42,0,24
BRDA:151,42,1,24
BRDA:158,43,0,70
BRDA:158,43,1,17
BRF:79
BRH:59
end_of_record
TN:
SF:src/normalizers/DateNormalizer.ts
FN:20,(anonymous_1)
FN:33,(anonymous_2)
FN:83,(anonymous_3)
FN:117,(anonymous_4)
FNF:4
FNH:4
FNDA:21,(anonymous_1)
FNDA:44,(anonymous_2)
FNDA:56,(anonymous_3)
FNDA:44,(anonymous_4)
DA:2,5
DA:3,5
DA:12,5
DA:13,5
DA:22,21
DA:24,21
DA:26,21
DA:35,44
DA:36,44
DA:38,24
DA:39,1
DA:41,23
DA:44,20
DA:47,20
DA:50,20
DA:51,20
DA:55,20
DA:57,1
DA:58,1
DA:60,0
DA:64,19
DA:65,1
DA:66,18
DA:68,16
DA:69,2
DA:70,2
DA:74,0
DA:76,1
DA:77,1
DA:79,0
DA:84,56
DA:85,1
DA:89,55
DA:90,1
DA:91,1
DA:96,54
DA:97,1
DA:101,53
DA:102,2
DA:106,51
DA:107,51
DA:108,51
DA:109,2
DA:111,49
DA:114,0
DA:118,44
DA:119,44
DA:120,44
LF:48
LH:44
BRDA:20,0,0,0
BRDA:22,1,0,0
BRDA:22,1,1,21
BRDA:22,2,0,21
BRDA:22,2,1,21
BRDA:24,3,0,4
BRDA:24,3,1,17
BRDA:24,4,0,21
BRDA:24,4,1,4
BRDA:36,5,0,24
BRDA:38,6,0,1
BRDA:47,7,0,0
BRDA:47,7,1,20
BRDA:50,8,0,20
BRDA:50,9,0,20
BRDA:50,9,1,20
BRDA:50,9,2,1
BRDA:55,10,0,1
BRDA:55,11,0,20
BRDA:55,11,1,19
BRDA:57,12,0,1
BRDA:64,13,0,1
BRDA:64,13,1,18
BRDA:66,14,0,16
BRDA:66,14,1,2
BRDA:69,15,0,2
BRDA:76,16,0,1
BRDA:83,17,0,20
BRDA:84,18,0,1
BRDA:89,19,0,1
BRDA:90,20,0,1
BRDA:90,21,0,1
BRDA:90,21,1,0
BRDA:90,21,2,0
BRDA:96,22,0,1
BRDA:101,23,0,2
BRDA:106,24,0,51
BRDA:108,25,0,2
BRDA:118,26,0,8
BRDA:118,26,1,36
BRDA:118,27,0,44
BRDA:118,27,1,44
BRDA:119,28,0,36
BRDA:119,28,1,8
BRDA:119,29,0,44
BRDA:119,29,1,36
BRF:46
BRH:41
end_of_record
TN:
SF:src/normalizers/KeyNormalizer.ts
FN:27,(anonymous_1)
FN:44,(anonymous_2)
FN:45,(anonymous_3)
FN:49,(anonymous_4)
FN:63,(anonymous_5)
FN:92,(anonymous_6)
FN:141,(anonymous_7)
FN:152,(anonymous_8)
FN:163,(anonymous_9)
FN:175,(anonymous_10)
FN:190,(anonymous_11)
FNF:11
FNH:11
FNDA:23,(anonymous_1)
FNDA:5,(anonymous_2)
FNDA:5,(anonymous_3)
FNDA:82,(anonymous_4)
FNDA:6,(anonymous_5)
FNDA:15,(anonymous_6)
FNDA:77,(anonymous_7)
FNDA:1,(anonymous_8)
FNDA:80,(anonymous_9)
FNDA:19,(anonymous_10)
FNDA:52,(anonymous_11)
DA:2,6
DA:3,6
DA:17,6
DA:18,6
DA:29,23
DA:31,23
DA:33,23
DA:40,23
DA:43,23
DA:44,5
DA:45,5
DA:46,23
DA:51,82
DA:52,45
DA:55,37
DA:56,37
DA:62,37
DA:63,6
DA:67,34
DA:68,1
DA:72,33
DA:75,33
DA:76,75
DA:79,75
DA:80,51
DA:82,24
DA:86,33
DA:88,0
DA:93,15
DA:96,15
DA:97,0
DA:101,15
DA:103,15
DA:104,15
DA:105,1
DA:109,14
DA:110,3
DA:114,11
DA:115,11
DA:117,11
DA:118,7
DA:120,3
DA:121,1
DA:123,4
DA:124,4
DA:126,0
DA:127,0
DA:130,0
DA:131,0
DA:135,0
DA:136,0
DA:138,0
DA:143,77
DA:144,3
DA:148,74
DA:149,74
DA:153,1
DA:155,1
DA:156,2
DA:157,2
DA:160,1
DA:165,80
DA:168,80
DA:169,2
DA:173,78
DA:174,78
DA:176,19
DA:177,5
DA:179,14
DA:180,14
DA:182,0
DA:187,0
DA:191,52
DA:192,52
DA:193,52
LF:75
LH:64
BRDA:27,0,0,0
BRDA:29,1,0,0
BRDA:29,1,1,23
BRDA:29,2,0,23
BRDA:29,2,1,23
BRDA:31,3,0,8
BRDA:31,3,1,15
BRDA:31,4,0,23
BRDA:31,4,1,8
BRDA:40,5,0,9
BRDA:40,5,1,14
BRDA:44,6,0,5
BRDA:44,6,1,2
BRDA:45,7,0,3
BRDA:45,7,1,2
BRDA:51,8,0,45
BRDA:51,9,0,82
BRDA:51,9,1,82
BRDA:62,10,0,3
BRDA:67,11,0,1
BRDA:79,12,0,51
BRDA:79,12,1,24
BRDA:79,13,0,75
BRDA:79,13,1,32
BRDA:79,13,2,32
BRDA:92,14,0,12
BRDA:96,15,0,0
BRDA:96,16,0,15
BRDA:96,16,1,0
BRDA:101,17,0,15
BRDA:103,18,0,15
BRDA:103,18,1,14
BRDA:103,19,0,0
BRDA:103,19,1,14
BRDA:103,20,0,14
BRDA:103,20,1,14
BRDA:104,21,0,1
BRDA:104,22,0,15
BRDA:104,22,1,1
BRDA:104,23,0,14
BRDA:104,23,1,1
BRDA:104,24,0,15
BRDA:104,24,1,15
BRDA:109,25,0,3
BRDA:109,26,0,14
BRDA:109,26,1,14
BRDA:114,27,0,11
BRDA:114,27,1,0
BRDA:117,28,0,7
BRDA:118,29,0,4
BRDA:120,30,0,2
BRDA:123,31,0,4
BRDA:126,32,0,0
BRDA:135,33,0,0
BRDA:143,34,0,3
BRDA:148,35,0,74
BRDA:148,35,1,0
BRDA:165,36,0,0
BRDA:168,37,0,2
BRDA:173,38,0,78
BRDA:176,39,0,5
BRDA:179,40,0,14
BRDA:191,41,0,12
BRDA:191,41,1,40
BRDA:191,42,0,52
BRDA:191,42,1,52
BRDA:192,43,0,26
BRDA:192,43,1,26
BRDA:192,44,0,52
BRDA:192,44,1,26
BRF:70
BRH:60
end_of_record
TN:
SF:src/normalizers/NullNormalizer.ts
FN:21,(anonymous_1)
FN:41,(anonymous_2)
FN:46,(anonymous_3)
FN:50,(anonymous_4)
FN:91,(anonymous_5)
FN:122,(anonymous_6)
FNF:6
FNH:6
FNDA:19,(anonymous_1)
FNDA:179,(anonymous_2)
FNDA:114,(anonymous_3)
FNDA:28,(anonymous_4)
FNDA:44,(anonymous_5)
FNDA:18,(anonymous_6)
DA:2,5
DA:11,5
DA:12,5
DA:23,19
DA:25,19
DA:28,19
DA:37,19
DA:40,19
DA:41,179
DA:45,19
DA:46,114
DA:51,28
DA:52,10
DA:55,18
DA:56,18
DA:57,18
DA:60,18
DA:61,0
DA:65,18
DA:66,1
DA:70,17
DA:71,3
DA:75,14
DA:76,14
DA:77,14
DA:81,0
DA:82,0
DA:85,0
DA:87,0
DA:93,44
DA:94,3
DA:98,41
DA:99,0
DA:103,41
DA:104,2
DA:108,39
DA:109,0
DA:113,39
DA:114,6
DA:118,33
DA:119,33
DA:123,18
DA:124,18
DA:125,18
LF:44
LH:37
BRDA:21,0,0,0
BRDA:23,1,0,0
BRDA:23,1,1,19
BRDA:23,2,0,19
BRDA:23,2,1,19
BRDA:25,3,0,2
BRDA:25,3,1,17
BRDA:25,4,0,19
BRDA:25,4,1,2
BRDA:32,5,0,19
BRDA:32,5,1,11
BRDA:51,6,0,10
BRDA:60,7,0,0
BRDA:60,8,0,18
BRDA:60,8,1,18
BRDA:65,9,0,1
BRDA:65,10,0,18
BRDA:65,10,1,1
BRDA:70,11,0,3
BRDA:71,12,0,1
BRDA:71,12,1,2
BRDA:76,13,0,14
BRDA:81,14,0,0
BRDA:91,15,0,31
BRDA:93,16,0,3
BRDA:98,17,0,0
BRDA:98,18,0,41
BRDA:98,18,1,41
BRDA:103,19,0,2
BRDA:103,20,0,41
BRDA:103,20,1,2
BRDA:108,21,0,0
BRDA:113,22,0,6
BRDA:123,23,0,15
BRDA:123,23,1,3
BRDA:123,24,0,18
BRDA:123,24,1,18
BRDA:124,25,0,3
BRDA:124,25,1,15
BRDA:124,26,0,18
BRDA:124,26,1,3
BRF:41
BRH:35
end_of_record
TN:
SF:src/normalizers/NumberNormalizer.ts
FN:18,(anonymous_1)
FN:29,(anonymous_2)
FN:89,(anonymous_3)
FN:134,(anonymous_4)
FN:143,(anonymous_5)
FNF:5
FNH:4
FNDA:22,(anonymous_1)
FNDA:40,(anonymous_2)
FNDA:54,(anonymous_3)
FNDA:22,(anonymous_4)
FNDA:0,(anonymous_5)
DA:2,6
DA:12,6
DA:13,6
DA:19,22
DA:21,22
DA:22,22
DA:30,40
DA:31,18
DA:34,22
DA:35,22
DA:36,22
DA:39,22
DA:40,1
DA:41,1
DA:43,0
DA:47,21
DA:48,1
DA:49,1
DA:51,0
DA:55,20
DA:62,20
DA:63,15
DA:66,5
DA:67,3
DA:69,2
DA:73,20
DA:74,0
DA:75,0
DA:77,0
DA:80,20
DA:82,2
DA:83,2
DA:85,0
DA:90,54
DA:91,1
DA:95,53
DA:96,2
DA:97,2
DA:102,51
DA:103,2
DA:107,49
DA:108,1
DA:111,48
DA:112,48
DA:113,1
DA:117,47
DA:118,23
DA:122,24
DA:123,0
DA:127,24
DA:128,2
DA:131,22
DA:135,22
DA:136,22
DA:137,22
DA:145,0
DA:146,0
DA:149,0
LF:58
LH:48
BRDA:18,0,0,0
BRDA:19,1,0,0
BRDA:19,1,1,22
BRDA:19,2,0,22
BRDA:19,2,1,22
BRDA:21,3,0,2
BRDA:21,3,1,20
BRDA:21,4,0,22
BRDA:21,4,1,2
BRDA:30,5,0,18
BRDA:39,6,0,1
BRDA:40,7,0,1
BRDA:47,8,0,1
BRDA:48,9,0,1
BRDA:62,10,0,15
BRDA:62,10,1,5
BRDA:66,11,0,3
BRDA:66,11,1,2
BRDA:73,12,0,0
BRDA:74,13,0,0
BRDA:82,14,0,2
BRDA:89,15,0,24
BRDA:90,16,0,1
BRDA:95,17,0,2
BRDA:96,18,0,2
BRDA:102,19,0,2
BRDA:107,20,0,1
BRDA:107,21,0,49
BRDA:107,21,1,49
BRDA:107,21,2,49
BRDA:107,21,3,48
BRDA:112,22,0,1
BRDA:117,23,0,23
BRDA:122,24,0,0
BRDA:127,25,0,2
BRDA:135,26,0,11
BRDA:135,26,1,11
BRDA:135,27,0,22
BRDA:135,27,1,22
BRDA:136,28,0,9
BRDA:136,28,1,13
BRDA:136,29,0,22
BRDA:136,29,1,9
BRDA:145,30,0,0
BRDA:146,31,0,0
BRDA:146,31,1,0
BRF:46
BRH:38
end_of_record
TN:
SF:src/utils/case.ts
FN:10,splitIntoWords
FN:29,toCamelCase
FN:34,(anonymous_2)
FN:44,toSnakeCase
FN:46,(anonymous_4)
FN:53,toPascalCase
FN:55,(anonymous_6)
FN:62,toKebabCase
FN:64,(anonymous_8)
FN:71,toConstantCase
FN:73,(anonymous_10)
FN:80,toDotCase
FN:82,(anonymous_12)
FN:89,toPathCase
FN:91,(anonymous_14)
FN:98,toPascalSnakeCase
FN:100,(anonymous_16)
FN:107,toCapitalCase
FN:109,(anonymous_18)
FN:116,toHeaderCase
FN:118,(anonymous_20)
FN:125,toNoCase
FN:127,(anonymous_22)
FN:134,toParamCase
FN:141,convertCase
FN:177,detectCase
FNF:26
FNH:26
FNDA:88,splitIntoWords
FNDA:67,toCamelCase
FNDA:109,(anonymous_2)
FNDA:7,toSnakeCase
FNDA:14,(anonymous_4)
FNDA:3,toPascalCase
FNDA:6,(anonymous_6)
FNDA:4,toKebabCase
FNDA:8,(anonymous_8)
FNDA:1,toConstantCase
FNDA:2,(anonymous_10)
FNDA:1,toDotCase
FNDA:2,(anonymous_12)
FNDA:1,toPathCase
FNDA:2,(anonymous_14)
FNDA:1,toPascalSnakeCase
FNDA:2,(anonymous_16)
FNDA:1,toCapitalCase
FNDA:2,(anonymous_18)
FNDA:1,toHeaderCase
FNDA:2,(anonymous_20)
FNDA:1,toNoCase
FNDA:1,(anonymous_22)
FNDA:1,toParamCase
FNDA:88,convertCase
FNDA:19,detectCase
DA:11,88
DA:14,88
DA:17,88
DA:23,88
DA:30,67
DA:31,67
DA:33,67
DA:35,109
DA:36,42
DA:45,7
DA:46,14
DA:54,3
DA:55,6
DA:63,4
DA:64,8
DA:72,1
DA:73,2
DA:81,1
DA:82,2
DA:90,1
DA:91,2
DA:99,1
DA:100,2
DA:108,1
DA:109,2
DA:117,1
DA:118,2
DA:126,1
DA:127,1
DA:135,1
DA:141,7
DA:142,88
DA:144,88
DA:146,67
DA:148,7
DA:150,3
DA:152,3
DA:154,1
DA:156,1
DA:158,1
DA:160,1
DA:162,1
DA:164,1
DA:166,1
DA:168,1
DA:170,0
DA:177,7
DA:178,19
DA:180,18
DA:181,15
DA:182,12
DA:183,9
DA:184,5
DA:185,4
DA:187,3
LF:55
LH:54
BRDA:11,0,0,0
BRDA:31,1,0,0
BRDA:35,2,0,67
BRDA:142,3,0,0
BRDA:144,4,0,67
BRDA:144,4,1,7
BRDA:144,4,2,3
BRDA:144,4,3,3
BRDA:144,4,4,1
BRDA:144,4,5,1
BRDA:144,4,6,1
BRDA:144,4,7,1
BRDA:144,4,8,1
BRDA:144,4,9,1
BRDA:144,4,10,1
BRDA:144,4,11,1
BRDA:144,4,12,0
BRDA:178,5,0,1
BRDA:180,6,0,3
BRDA:181,7,0,3
BRDA:182,8,0,3
BRDA:183,9,0,4
BRDA:184,10,0,1
BRDA:185,11,0,1
BRF:24
BRH:20
end_of_record
TN:
SF:src/utils/date.ts
FN:9,parseDate
FN:93,formatDate
FN:131,(anonymous_2)
FN:162,convertToTimezone
FN:189,isValidDate
FNF:5
FNH:4
FNDA:20,parseDate
FNDA:8,formatDate
FNDA:10,(anonymous_2)
FNDA:7,convertToTimezone
FNDA:0,isValidDate
DA:9,6
DA:10,20
DA:13,20
DA:14,0
DA:18,20
DA:20,1
DA:21,1
DA:22,1
DA:26,19
DA:27,19
DA:32,19
DA:33,19
DA:34,14
DA:36,14
DA:41,14
DA:45,5
DA:46,5
DA:47,1
DA:48,1
DA:50,1
DA:55,1
DA:59,4
DA:60,4
DA:61,0
DA:62,0
DA:64,0
DA:69,0
DA:73,4
DA:74,2
DA:75,2
DA:76,2
DA:80,2
DA:81,2
DA:82,1
DA:86,1
DA:93,6
DA:94,8
DA:95,0
DA:99,8
DA:100,1
DA:104,7
DA:105,1
DA:109,6
DA:110,2
DA:111,2
DA:112,2
DA:113,2
DA:116,4
DA:117,1
DA:118,1
DA:119,1
DA:120,1
DA:123,3
DA:124,1
DA:125,1
DA:126,1
DA:127,1
DA:131,10
DA:133,2
DA:134,2
DA:135,2
DA:136,2
DA:137,2
DA:138,2
DA:141,2
DA:162,6
DA:163,7
DA:164,1
DA:167,6
DA:168,1
DA:173,5
DA:174,5
DA:175,4
DA:176,4
DA:177,4
DA:178,4
DA:179,4
DA:183,1
DA:189,6
DA:190,0
DA:192,0
DA:193,0
DA:196,0
DA:197,0
DA:198,0
DA:201,0
LF:86
LH:73
BRDA:10,0,0,0
BRDA:10,1,0,20
BRDA:10,1,1,20
BRDA:13,2,0,0
BRDA:14,3,0,0
BRDA:14,3,1,0
BRDA:18,4,0,1
BRDA:20,5,0,0
BRDA:20,5,1,1
BRDA:22,6,0,0
BRDA:22,6,1,1
BRDA:27,7,0,0
BRDA:33,8,0,14
BRDA:41,9,0,14
BRDA:46,10,0,1
BRDA:48,11,0,0
BRDA:48,11,1,1
BRDA:55,12,0,1
BRDA:60,13,0,0
BRDA:62,14,0,0
BRDA:62,14,1,0
BRDA:69,15,0,0
BRDA:73,16,0,2
BRDA:74,17,0,0
BRDA:74,17,1,2
BRDA:76,18,0,2
BRDA:81,19,0,1
BRDA:93,20,0,0
BRDA:94,21,0,0
BRDA:94,22,0,8
BRDA:94,22,1,8
BRDA:99,23,0,1
BRDA:104,24,0,1
BRDA:109,25,0,2
BRDA:116,26,0,1
BRDA:123,27,0,1
BRDA:131,28,0,9
BRDA:131,28,1,1
BRDA:154,29,0,1
BRDA:154,29,1,1
BRDA:155,30,0,1
BRDA:155,30,1,1
BRDA:163,31,0,1
BRDA:167,32,0,1
BRDA:174,33,0,4
BRDA:175,34,0,0
BRDA:178,35,0,2
BRDA:178,35,1,2
BRDA:190,36,0,0
BRDA:192,37,0,0
BRDA:196,38,0,0
BRDA:196,39,0,0
BRDA:196,39,1,0
BRDA:198,40,0,0
BRDA:198,40,1,0
BRF:55
BRH:32
end_of_record
TN:
SF:src/utils/logger.ts
FN:25,(anonymous_0)
FN:47,(anonymous_1)
FN:50,(anonymous_2)
FN:51,(anonymous_3)
FN:55,(anonymous_4)
FN:59,(anonymous_5)
FN:62,(anonymous_6)
FN:66,(anonymous_7)
FN:70,(anonymous_8)
FN:74,(anonymous_9)
FN:78,(anonymous_10)
FN:82,(anonymous_11)
FN:86,(anonymous_12)
FN:90,(anonymous_13)
FN:94,(anonymous_14)
FN:98,(anonymous_15)
FN:102,(anonymous_16)
FN:106,(anonymous_17)
FN:110,(anonymous_18)
FN:114,(anonymous_19)
FN:118,(anonymous_20)
FN:122,(anonymous_21)
FN:126,(anonymous_22)
FN:130,(anonymous_23)
FN:134,(anonymous_24)
FN:138,(anonymous_25)
FN:149,createLogger
FNF:27
FNH:7
FNDA:120,(anonymous_0)
FNDA:0,(anonymous_1)
FNDA:0,(anonymous_2)
FNDA:0,(anonymous_3)
FNDA:0,(anonymous_4)
FNDA:0,(anonymous_5)
FNDA:0,(anonymous_6)
FNDA:0,(anonymous_7)
FNDA:3,(anonymous_8)
FNDA:0,(anonymous_9)
FNDA:0,(anonymous_10)
FNDA:4,(anonymous_11)
FNDA:0,(anonymous_12)
FNDA:0,(anonymous_13)
FNDA:0,(anonymous_14)
FNDA:3,(anonymous_15)
FNDA:3,(anonymous_16)
FNDA:0,(anonymous_17)
FNDA:0,(anonymous_18)
FNDA:0,(anonymous_19)
FNDA:0,(anonymous_20)
FNDA:0,(anonymous_21)
FNDA:0,(anonymous_22)
FNDA:3,(anonymous_23)
FNDA:0,(anonymous_24)
FNDA:0,(anonymous_25)
FNDA:120,createLogger
DA:18,15
DA:26,120
DA:27,120
DA:30,120
DA:31,120
DA:32,120
DA:33,120
DA:34,120
DA:35,120
DA:36,120
DA:37,120
DA:38,120
DA:39,120
DA:40,120
DA:41,120
DA:42,120
DA:43,120
DA:44,120
DA:45,120
DA:46,120
DA:47,120
DA:48,120
DA:49,120
DA:50,120
DA:51,120
DA:56,0
DA:57,0
DA:60,0
DA:63,0
DA:64,0
DA:67,0
DA:68,0
DA:71,3
DA:72,2
DA:75,0
DA:76,0
DA:79,0
DA:80,0
DA:83,4
DA:84,2
DA:87,0
DA:88,0
DA:91,0
DA:92,0
DA:95,0
DA:96,0
DA:99,3
DA:100,2
DA:103,3
DA:104,2
DA:107,0
DA:108,0
DA:111,0
DA:112,0
DA:115,0
DA:116,0
DA:119,0
DA:120,0
DA:123,0
DA:124,0
DA:127,0
DA:128,0
DA:131,3
DA:132,2
DA:135,0
DA:136,0
DA:139,0
DA:140,0
DA:149,15
DA:150,120
LF:70
LH:37
BRDA:25,0,0,0
BRDA:26,1,0,120
BRDA:26,1,1,10
BRDA:47,2,0,120
BRDA:47,2,1,119
BRDA:47,3,0,119
BRDA:47,3,1,1
BRDA:47,4,0,120
BRDA:47,4,1,120
BRDA:50,5,0,120
BRDA:50,5,1,119
BRDA:50,6,0,119
BRDA:50,6,1,1
BRDA:50,7,0,120
BRDA:50,7,1,120
BRDA:51,8,0,120
BRDA:51,8,1,119
BRDA:51,9,0,119
BRDA:51,9,1,1
BRDA:51,10,0,120
BRDA:51,10,1,120
BRDA:56,11,0,0
BRDA:63,12,0,0
BRDA:67,13,0,0
BRDA:71,14,0,1
BRDA:75,15,0,0
BRDA:79,16,0,0
BRDA:83,17,0,2
BRDA:87,18,0,0
BRDA:91,19,0,0
BRDA:95,20,0,0
BRDA:99,21,0,1
BRDA:103,22,0,1
BRDA:107,23,0,0
BRDA:111,24,0,0
BRDA:115,25,0,0
BRDA:119,26,0,0
BRDA:123,27,0,0
BRDA:124,28,0,0
BRDA:124,28,1,0
BRDA:124,29,0,0
BRDA:124,29,1,0
BRDA:127,30,0,0
BRDA:131,31,0,1
BRDA:135,32,0,0
BRDA:136,33,0,0
BRDA:136,33,1,0
BRDA:136,34,0,0
BRDA:136,34,1,0
BRDA:139,35,0,0
BRDA:140,36,0,0
BRDA:140,36,1,0
BRDA:140,37,0,0
BRDA:140,37,1,0
BRDA:149,38,0,0
BRF:55
BRH:25
end_of_record
